<?xml version="1.0" encoding="UTF-8"?>
<!-- Generated by org.testng.reporters.JUnitXMLReporter -->
<testsuite ignored="0" hostname="Niranjan" failures="2" tests="2" name="ChromeTest" time="6.256" errors="0" timestamp="2025-06-08T02:33:32 IST">
  <testcase classname="com.airbase.tests.AmazonTest" name="amazonSearchTest" time="2.591">
    <failure type="java.lang.AssertionError" message="expected [true] but found [false]">
      <![CDATA[java.lang.AssertionError: expected [true] but found [false]
at com.airbase.tests.AmazonTest.amazonSearchTest(AmazonTest.java:31)
at java.base/java.util.ArrayList.forEach(ArrayList.java:1541)
at java.base/java.util.concurrent.FutureTask.run(FutureTask.java:264)
at java.base/java.util.concurrent.ThreadPoolExecutor.runWorker(ThreadPoolExecutor.java:1128)
at java.base/java.util.concurrent.ThreadPoolExecutor$Worker.run(ThreadPoolExecutor.java:628)
at java.base/java.lang.Thread.run(Thread.java:834)
... Removed 22 stack frames]]>
    </failure>
  </testcase> <!-- amazonSearchTest -->
  <testcase classname="com.airbase.tests.AmazonTest" name="amazonSearchTest" time="2.703">
    <failure type="java.lang.NullPointerException">
      <![CDATA[java.lang.NullPointerException
at com.airbase.base.BaseTest.captureScreen(BaseTest.java:53)
at com.airbase.utils.ExtentReportManager.onTestFailure(ExtentReportManager.java:72)
at java.base/java.util.ArrayList.forEach(ArrayList.java:1541)
at java.base/java.util.concurrent.FutureTask.run(FutureTask.java:264)
at java.base/java.util.concurrent.ThreadPoolExecutor.runWorker(ThreadPoolExecutor.java:1128)
at java.base/java.util.concurrent.ThreadPoolExecutor$Worker.run(ThreadPoolExecutor.java:628)
at java.base/java.lang.Thread.run(Thread.java:834)
... Removed 15 stack frames]]>
    </failure>
  </testcase> <!-- amazonSearchTest -->
</testsuite> <!-- ChromeTest -->
